Drill report for ono-kairo.kicad_pcb
Created on 2026-01-29T16:12:12+0900

Copper Layer Stackup:
    =============================================================
    L1 :  F.Cu                      front
    L2 :  B.Cu                      back


Drill file 'ono-kairo-PTH.drl' contains
    plated through holes:
    =============================================================
    T1  0.300mm  0.0118"  (8 holes)
    T2  0.750mm  0.0295"  (3 holes)
    T3  0.800mm  0.0315"  (38 holes)
    T4  0.900mm  0.0354"  (8 holes)
    T5  1.000mm  0.0394"  (8 holes)
    T6  2.200mm  0.0866"  (9 holes)

    Total plated holes count 74


Drill file 'ono-kairo-NPTH.drl' contains
    unplated through holes:
    =============================================================

    Total unplated holes count 0
